Arguments: 
  /usr/local/bin/node /usr/local/bin/yarn add react-router-dom axios

PATH: 
  /main/.npm-global/bin:/usr/local/bin:/usr/bin:/bin:/usr/sbin:/sbin:/opt/X11/bin:/main/.npm-global/bin:/Applications/Postgres.app/Contents/Versions/latest/bin:/main/Library/Android/sdk/tools:/main/Library/Android/sdk/platform-tools:/main/.rvm/bin:/Applications/Postgres.app/Contents/Versions/latest/bin:/main/Library/Android/sdk/tools:/main/Library/Android/sdk/platform-tools

Yarn version: 
  1.5.1

Node version: 
  10.10.0

Platform: 
  darwin x64

npm manifest: 
  {
    "name": "mern-heroku",
    "version": "1.0.0",
    "description": "MERN Heroku",
    "main": "server/index.js",
    "engines": {
      "node": "9.0.0",
      "npm": "5.5.1"
    },
    "scripts": {
      "start": "node server_build/index.js",
      "prod:compile_server": "babel server -d server_build --presets es2015,stage-1",
      "dev": "concurrently \"npm run server\" \"npm run client\"",
      "server": "nodemon --exec   babel-node server/index.js",
      "client": "npm run start --prefix client",
      "heroku-postbuild": "NPM_CONFIG_PRODUCTION=false npm install --prefix client && npm run build --prefix client && npm run prod:compile_server"
    },
    "license": "ISC",
    "dependencies": {
      "babel-cli": "^6.26.0",
      "babel-loader": "^7.1.2",
      "babel-preset-env": "^1.6.1",
      "babel-preset-es2015": "^6.24.1",
      "babel-preset-stage-1": "^6.24.1",
      "body-parser": "^1.18.2",
      "cors": "^2.8.4",
      "dotenv": "^6.2.0",
      "express": "^4.16.2",
      "mongoose": "^4.13.6"
    },
    "devDependencies": {
      "concurrently": "^3.5.1",
      "nodemon": "^1.12.5"
    }
  }

yarn manifest: 
  No manifest

Lockfile: 
  No lockfile

Trace: 
  Error: Found incompatible module
      at new MessageError (/usr/local/lib/node_modules/yarn/lib/cli.js:186:110)
      at Object.checkOne (/usr/local/lib/node_modules/yarn/lib/cli.js:62444:11)
      at /usr/local/lib/node_modules/yarn/lib/cli.js:22773:75
      at Generator.next (<anonymous>)
      at step (/usr/local/lib/node_modules/yarn/lib/cli.js:98:30)
      at /usr/local/lib/node_modules/yarn/lib/cli.js:116:14
      at new Promise (<anonymous>)
      at new F (/usr/local/lib/node_modules/yarn/lib/cli.js:23451:28)
      at /usr/local/lib/node_modules/yarn/lib/cli.js:95:12
      at /usr/local/lib/node_modules/yarn/lib/cli.js:22777:27
